
FileVersion:        2

ResolutionOfTime:   Volumes

Experiment:         Loc

BackgroundColor:    0 0 0
TextColor:          255 255 255
TimeCourseColor:    255 255 255
TimeCourseThick:    3
ReferenceFuncColor: 0 0 80
ReferenceFuncThick: 3

NrOfConditions:  5

baseline
5
1 16
81 96
161 176
241 256
321 336
Color:  155 155 155

place
4
17 32
113 128
209 224
305 320
Color:  90 252 98

face
4
65 80
129 144
177 192
273 288
Color:  255 35 213

object
4
49 64
145 160
193 208
257 272
Color:  91 212 255

scrambled
4
33 48
97 112
225 240
289 304
Color:  252 165 78

