
FileVersion:        2

ResolutionOfTime:   Volumes

Experiment:         3DFaces

BackgroundColor:    0 0 0
TextColor:          255 255 255
TimeCourseColor:    255 255 255
TimeCourseThick:    3
ReferenceFuncColor: 0 0 80
ReferenceFuncThick: 3

NrOfConditions:  6

Baseline
8
1 16
42 66
98 122
154 178
235 259
285 309
341 365
397 413
Color:  80 80 80

2D
2
67 91
210 234
Color:  255 0 0

Natural 3D
2
179 203
260 284
Color:  0 187 254

Pseudo 3D
2
17 41
310 334
Color:  4 208 14

Monocular
2
123 147
366 390
Color:  252 252 104

Cue
5
92 97
148 153
204 209
335 340
391 396
Color:  155 155 155

