
FileVersion:        2

ResolutionOfTime:   Volumes

Experiment:         3DFaces

BackgroundColor:    0 0 0
TextColor:          255 255 255
TimeCourseColor:    255 255 255
TimeCourseThick:    3
ReferenceFuncColor: 0 0 80
ReferenceFuncThick: 3

NrOfConditions:  6

Baseline
9
1 16
42 66
92 116
148 172
204 228
260 284
316 340
366 390
416 432
Color:  80 80 80

2D
2
17 41
341 365
Color:  255 0 0

Natural 3D
2
67 91
229 253
Color:  0 187 254

Pseudo 3D
2
117 141
391 415
Color:  4 208 14

Monocular
2
173 197
285 309
Color:  252 252 104

Cue
4
142 147
198 203
254 259
310 315
Color:  155 155 155

