
FileVersion:        2

ResolutionOfTime:   Volumes

Experiment:         3DFaces

BackgroundColor:    0 0 0
TextColor:          255 255 255
TimeCourseColor:    255 255 255
TimeCourseThick:    3
ReferenceFuncColor: 0 0 80
ReferenceFuncThick: 3

NrOfConditions:  6

Baseline
9
1 17
49 73
105 129
155 179
205 229
255 279
305 329
361 385
417 433
Color:  80 80 80

2D
2
130 154
230 254
Color:  255 0 0

Natural 3D
2
18 42
280 304
Color:  0 187 254

Pseudo 3D
2
180 204
330 354
Color:  4 208 14

Monocular
2
74 98
386 410
Color:  252 252 104

Cue
4
43 48
99 104
355 360
411 416
Color:  155 155 155

