
FileVersion:        2

ResolutionOfTime:   Volumes

Experiment:         3DFaces

BackgroundColor:    0 0 0
TextColor:          255 255 255
TimeCourseColor:    255 255 255
TimeCourseThick:    3
ReferenceFuncColor: 0 0 80
ReferenceFuncThick: 3

NrOfConditions:  6

Baseline
9
7 23
55 79
105 129
155 179
205 229
255 279
311 335
367 391
417 433
Color:  80 80 80

2D
2
180 204
280 304
Color:  255 0 0

Natural 3D
2
130 154
392 416
Color:  0 187 254

Pseudo 3D
2
80 104
230 254
Color:  4 208 14

Monocular
2
24 48
336 360
Color:  252 252 104

Cue
4
1 6
49 54
305 310
361 366
Color:  155 155 155

