
FileVersion:        2

ResolutionOfTime:   Volumes

Experiment:         3DFaces

BackgroundColor:    0 0 0
TextColor:          255 255 255
TimeCourseColor:    255 255 255
TimeCourseThick:    3
ReferenceFuncColor: 0 0 80
ReferenceFuncThick: 3

NrOfConditions:  6

Baseline
9
1 16
42 66
98 122
154 178
210 234
266 290
316 340
366 390
416 432
Color:  80 80 80

2D
2
67 91
391 415
Color:  255 0 0

Natural 3D
2
179 203
341 365
Color:  0 187 254

Pseudo 3D
2
17 41
291 315
Color:  4 208 14

Monocular
2
123 147
235 259
Color:  252 252 104

Cue
4
92 97
148 153
204 209
260 265
Color:  155 155 155

